<?xml version="1.0" encoding="UTF-8"?>
<testsuite xmlns:xsi="http://www.w3.org/2001/XMLSchema-instance" xsi:noNamespaceSchemaLocation="https://maven.apache.org/surefire/maven-surefire-plugin/xsd/surefire-test-report-3.0.xsd" version="3.0" name="DAOs.ComputadoraDAOTest" time="0.15" tests="1" errors="1" skipped="0" failures="0">
  <properties>
[...]
</properties>
  <testcase name="testConsultarComputadoras" classname="DAOs.ComputadoraDAOTest" time="0.144">
    <error message="Exception [EclipseLink-4002] (Eclipse Persistence Services - 2.7.12.v20230209-e5c4074ef3): org.eclipse.persistence.exceptions.DatabaseException&#10;Internal Exception: java.sql.SQLSyntaxErrorException: Unknown column &apos;laboratorio_id&apos; in &apos;field list&apos;&#10;Error Code: 1054&#10;Call: SELECT idComputadora, direccionIP, estatus, numeroComputadora, laboratorio_id, alumno_id FROM computadoras&#10;Query: ReadAllQuery(referenceClass=ComputadoraDominio sql=&quot;SELECT idComputadora, direccionIP, estatus, numeroComputadora, laboratorio_id, alumno_id FROM computadoras&quot;)" type="javax.persistence.PersistenceException"><![CDATA[javax.persistence.PersistenceException: 
Exception [EclipseLink-4002] (Eclipse Persistence Services - 2.7.12.v20230209-e5c4074ef3): org.eclipse.persistence.exceptions.DatabaseException
Internal Exception: java.sql.SQLSyntaxErrorException: Unknown column 'laboratorio_id' in 'field list'
Error Code: 1054
Call: SELECT idComputadora, direccionIP, estatus, numeroComputadora, laboratorio_id, alumno_id FROM computadoras
Query: ReadAllQuery(referenceClass=ComputadoraDominio sql="SELECT idComputadora, direccionIP, estatus, numeroComputadora, laboratorio_id, alumno_id FROM computadoras")
	at org.eclipse.persistence.internal.jpa.QueryImpl.getDetailedException(QueryImpl.java:391)
	at org.eclipse.persistence.internal.jpa.QueryImpl.executeReadQuery(QueryImpl.java:264)
	at org.eclipse.persistence.internal.jpa.QueryImpl.getResultList(QueryImpl.java:482)
	at DAOs.ComputadoraDAO.consultarComputadoras(ComputadoraDAO.java:52)
	at DAOs.ComputadoraDAOTest.testConsultarComputadoras(ComputadoraDAOTest.java:53)
	at java.base/java.lang.reflect.Method.invoke(Method.java:580)
	at java.base/java.util.ArrayList.forEach(ArrayList.java:1597)
	at java.base/java.util.ArrayList.forEach(ArrayList.java:1597)
Caused by: Exception [EclipseLink-4002] (Eclipse Persistence Services - 2.7.12.v20230209-e5c4074ef3): org.eclipse.persistence.exceptions.DatabaseException
Internal Exception: java.sql.SQLSyntaxErrorException: Unknown column 'laboratorio_id' in 'field list'
Error Code: 1054
Call: SELECT idComputadora, direccionIP, estatus, numeroComputadora, laboratorio_id, alumno_id FROM computadoras
Query: ReadAllQuery(referenceClass=ComputadoraDominio sql="SELECT idComputadora, direccionIP, estatus, numeroComputadora, laboratorio_id, alumno_id FROM computadoras")
	at org.eclipse.persistence.exceptions.DatabaseException.sqlException(DatabaseException.java:342)
	at org.eclipse.persistence.internal.databaseaccess.DatabaseAccessor.basicExecuteCall(DatabaseAccessor.java:700)
	at org.eclipse.persistence.internal.databaseaccess.DatabaseAccessor.executeCall(DatabaseAccessor.java:567)
	at org.eclipse.persistence.internal.sessions.AbstractSession.basicExecuteCall(AbstractSession.java:2105)
	at org.eclipse.persistence.sessions.server.ServerSession.executeCall(ServerSession.java:603)
	at org.eclipse.persistence.internal.queries.DatasourceCallQueryMechanism.executeCall(DatasourceCallQueryMechanism.java:275)
	at org.eclipse.persistence.internal.queries.DatasourceCallQueryMechanism.executeCall(DatasourceCallQueryMechanism.java:261)
	at org.eclipse.persistence.internal.queries.DatasourceCallQueryMechanism.executeSelectCall(DatasourceCallQueryMechanism.java:345)
	at org.eclipse.persistence.internal.queries.DatasourceCallQueryMechanism.selectAllRows(DatasourceCallQueryMechanism.java:765)
	at org.eclipse.persistence.internal.queries.ExpressionQueryMechanism.selectAllRowsFromTable(ExpressionQueryMechanism.java:2776)
	at org.eclipse.persistence.internal.queries.ExpressionQueryMechanism.selectAllRows(ExpressionQueryMechanism.java:2729)
	at org.eclipse.persistence.queries.ReadAllQuery.executeObjectLevelReadQuery(ReadAllQuery.java:584)
	at org.eclipse.persistence.queries.ObjectLevelReadQuery.executeDatabaseQuery(ObjectLevelReadQuery.java:1232)
	at org.eclipse.persistence.queries.DatabaseQuery.execute(DatabaseQuery.java:913)
	at org.eclipse.persistence.queries.ObjectLevelReadQuery.execute(ObjectLevelReadQuery.java:1191)
	at org.eclipse.persistence.queries.ReadAllQuery.execute(ReadAllQuery.java:485)
	at org.eclipse.persistence.queries.ObjectLevelReadQuery.executeInUnitOfWork(ObjectLevelReadQuery.java:1279)
	at org.eclipse.persistence.internal.sessions.UnitOfWorkImpl.internalExecuteQuery(UnitOfWorkImpl.java:3004)
	at org.eclipse.persistence.internal.sessions.AbstractSession.executeQuery(AbstractSession.java:1898)
	at org.eclipse.persistence.internal.sessions.AbstractSession.executeQuery(AbstractSession.java:1880)
	at org.eclipse.persistence.internal.sessions.AbstractSession.executeQuery(AbstractSession.java:1845)
	at org.eclipse.persistence.internal.jpa.QueryImpl.executeReadQuery(QueryImpl.java:262)
	... 6 more
Caused by: java.sql.SQLSyntaxErrorException: Unknown column 'laboratorio_id' in 'field list'
	at com.mysql.cj.jdbc.exceptions.SQLError.createSQLException(SQLError.java:121)
	at com.mysql.cj.jdbc.exceptions.SQLExceptionsMapping.translateException(SQLExceptionsMapping.java:122)
	at com.mysql.cj.jdbc.ClientPreparedStatement.executeInternal(ClientPreparedStatement.java:916)
	at com.mysql.cj.jdbc.ClientPreparedStatement.executeQuery(ClientPreparedStatement.java:972)
	at org.eclipse.persistence.internal.databaseaccess.DatabaseAccessor.executeSelect(DatabaseAccessor.java:1024)
	at org.eclipse.persistence.internal.databaseaccess.DatabaseAccessor.basicExecuteCall(DatabaseAccessor.java:660)
	... 26 more
]]></error>
    <system-out><![CDATA[[EL Info]: 2025-06-25 12:22:36.561--ServerSession(461448225)--EclipseLink, version: Eclipse Persistence Services - 2.7.12.v20230209-e5c4074ef3
[EL Warning]: 2025-06-25 12:22:36.671--UnitOfWork(1857007886)--Exception [EclipseLink-4002] (Eclipse Persistence Services - 2.7.12.v20230209-e5c4074ef3): org.eclipse.persistence.exceptions.DatabaseException
Internal Exception: java.sql.SQLSyntaxErrorException: Unknown column 'laboratorio_id' in 'field list'
Error Code: 1054
Call: SELECT idComputadora, direccionIP, estatus, numeroComputadora, laboratorio_id, alumno_id FROM computadoras
Query: ReadAllQuery(referenceClass=ComputadoraDominio sql="SELECT idComputadora, direccionIP, estatus, numeroComputadora, laboratorio_id, alumno_id FROM computadoras")
]]></system-out>
  </testcase>
</testsuite>